<!DOCTYPE html>
<html lang="zh-cn">
  <head>
    <meta charset="utf-8">
    <meta http-equiv="X-UA-Compatible" content="IE=edge">
    <meta name="viewport" content="width=device-width, initial-scale=1">
    <meta http-equiv="Content-Type" content="text/html; charset=UTF-8"/>
    <title>new_infonet test report</title>
    <meta name="generator" content="BSTestRunner 0.8.4"/>
    <link rel="stylesheet" href="http://cdn.bootcss.com/bootstrap/3.3.0/css/bootstrap.min.css">
    
<style type="text/css" media="screen">

/* -- css div popup ------------------------------------------------------------------------ */
.popup_window {
    display: none;
    position: relative;
    left: 0px;
    top: 0px;
    /*border: solid #627173 1px; */
    padding: 10px;
    background-color: #99CCFF;
    font-family: "Lucida Console", "Courier New", Courier, monospace;
    text-align: left;
    font-size: 10pt;
    width: 1200px;
}

/* -- report ------------------------------------------------------------------------ */

#show_detail_line .label {
    font-size: 85%;
    cursor: pointer;
}

#show_detail_line {
    margin: 2em auto 1em auto;
}

#total_row  { font-weight: bold; }
.hiddenRow  { display: none; }
.testcase   { margin-left: 2em; }

</style>


    <!-- HTML5 shim and Respond.js for IE8 support of HTML5 elements and media queries -->
    <!-- WARNING: Respond.js doesn't work if you view the page via file:// -->
    <!--[if lt IE 9]>
      <script src="http://cdn.bootcss.com/html5shiv/3.7.2/html5shiv.min.js"></script>
      <script src="http://cdn.bootcss.com/respond.js/1.4.2/respond.min.js"></script>
    <![endif]-->
  </head>
<body>
<script language="javascript" type="text/javascript"><!--
output_list = Array();

/* level - 0:Summary; 1:Failed; 2:All */
function showCase(level) {
    trs = document.getElementsByTagName("tr");
    for (var i = 0; i < trs.length; i++) {
        tr = trs[i];
        id = tr.id;
        if (id.substr(0,2) == 'ft') {
            if (level < 1) {
                tr.className = 'hiddenRow';
            }
            else {
                tr.className = '';
            }
        }
        if (id.substr(0,2) == 'pt') {
            if (level > 1) {
                tr.className = '';
            }
            else {
                tr.className = 'hiddenRow';
            }
        }
    }
}


function showClassDetail(cid, count) {
    var id_list = Array(count);
    var toHide = 1;
    for (var i = 0; i < count; i++) {
        tid0 = 't' + cid.substr(1) + '.' + (i+1);
        tid = 'f' + tid0;
        tr = document.getElementById(tid);
        if (!tr) {
            tid = 'p' + tid0;
            tr = document.getElementById(tid);
        }
        id_list[i] = tid;
        if (tr.className) {
            toHide = 0;
        }
    }
    for (var i = 0; i < count; i++) {
        tid = id_list[i];
        if (toHide) {
            document.getElementById('div_'+tid).style.display = 'none'
            document.getElementById(tid).className = 'hiddenRow';
        }
        else {
            document.getElementById(tid).className = '';
        }
    }
}


function showTestDetail(div_id){
    var details_div = document.getElementById(div_id)
    var displayState = details_div.style.display
    // alert(displayState)
    if (displayState != 'block' ) {
        displayState = 'block'
        details_div.style.display = 'block'
    }
    else {
        details_div.style.display = 'none'
    }
}


function html_escape(s) {
    s = s.replace(/&/g,'&amp;');
    s = s.replace(/</g,'&lt;');
    s = s.replace(/>/g,'&gt;');
    return s;
}

/* obsoleted by detail in <div>
function showOutput(id, name) {
    var w = window.open("", //url
                    name,
                    "resizable,scrollbars,status,width=800,height=450");
    d = w.document;
    d.write("<pre>");
    d.write(html_escape(output_list[id]));
    d.write("\n");
    d.write("<a href='javascript:window.close()'>close</a>\n");
    d.write("</pre>\n");
    d.close();
}
*/
--></script>

<div class="container">
    <div class='heading'>
<h1>new_infonet test report</h1>
<p><strong>Start Time:</strong> 2019-11-26 09:23:37</p>
<p><strong>Duration:</strong> 0:00:10.308545</p>
<p><strong>Status:</strong> <span class="text text-warning">Error <strong>4</strong></span></p>

<p class='description'>new_infonet test report</p>
</div>


    
<p id='show_detail_line'>
<span class="label label-primary" onclick="showCase(0)">Summary</span>
<span class="label label-danger" onclick="showCase(1)">Failed</span>
<span class="label label-default" onclick="showCase(2)">All</span>
</p>
<table id='result_table' class="table">
    <thead>
        <tr id='header_row'>
            <th>Test Group/Test case</td>
            <th>Count</td>
            <th>Pass</td>
            <th>Fail</td>
            <th>Error</td>
            <th>View</td>
        </tr>
    </thead>
    <tbody>
        
<tr class='text text-warning'>
    <td>test_newinfonet.Test_case</td>
    <td>4</td>
    <td>0</td>
    <td>0</td>
    <td>4</td>
    <td><a class="btn btn-xs btn-primary"href="javascript:showClassDetail('c1',4)">Detail</a></td>
</tr>

<tr id='ft1.1' class='none'>
    <td class='text text-warning'><div class='testcase'>test_new_infonet_upload_food</div></td>
    <td colspan='5' align='center'>

    <!--css div popup start-->
    <a class="popup_link btn btn-xs btn-default" onfocus='this.blur();' href="javascript:showTestDetail('div_ft1.1')" >
        error</a>

    <div id='div_ft1.1' class="popup_window">
        <div style='text-align: right;cursor:pointer'>
        <a onfocus='this.blur();' onclick="document.getElementById('div_ft1.1').style.display = 'none' " >
           [x]</a>
        </div>
        <pre>
        
ft1.1: Traceback (most recent call last):
  File "C:\PC_UI_TEST_PROJECT\TEST_CASES\test_newinfonet.py", line 28, in setUp
    self.driver =pc_ui_start()
  File "C:\PC_UI_TEST_PROJECT\COMMONS\pc_ui_desired_caps.py", line 5, in pc_ui_start
    driver=webdriver.Chrome("C:\\Program Files\\Python 3.5\\chromedriver.exe")
  File "C:\Program Files\Python 3.5\lib\site-packages\selenium\webdriver\chrome\webdriver.py", line 81, in __init__
    desired_capabilities=desired_capabilities)
  File "C:\Program Files\Python 3.5\lib\site-packages\selenium\webdriver\remote\webdriver.py", line 157, in __init__
    self.start_session(capabilities, browser_profile)
  File "C:\Program Files\Python 3.5\lib\site-packages\selenium\webdriver\remote\webdriver.py", line 252, in start_session
    response = self.execute(Command.NEW_SESSION, parameters)
  File "C:\Program Files\Python 3.5\lib\site-packages\selenium\webdriver\remote\webdriver.py", line 321, in execute
    self.error_handler.check_response(response)
  File "C:\Program Files\Python 3.5\lib\site-packages\selenium\webdriver\remote\errorhandler.py", line 242, in check_response
    raise exception_class(message, screen, stacktrace)
selenium.common.exceptions.WebDriverException: Message: unknown error: cannot find Chrome binary
  (Driver info: chromedriver=71.0.3578.80 (2ac50e7249fbd55e6f517a28131605c9fb9fe897),platform=Windows NT 10.0.17763 x86_64)



        </pre>
    </div>
    <!--css div popup end-->

    </td>
</tr>

<tr id='ft1.2' class='none'>
    <td class='text text-warning'><div class='testcase'>test_new_infonet_upload_foodsupplier_info</div></td>
    <td colspan='5' align='center'>

    <!--css div popup start-->
    <a class="popup_link btn btn-xs btn-default" onfocus='this.blur();' href="javascript:showTestDetail('div_ft1.2')" >
        error</a>

    <div id='div_ft1.2' class="popup_window">
        <div style='text-align: right;cursor:pointer'>
        <a onfocus='this.blur();' onclick="document.getElementById('div_ft1.2').style.display = 'none' " >
           [x]</a>
        </div>
        <pre>
        
ft1.2: Traceback (most recent call last):
  File "C:\PC_UI_TEST_PROJECT\TEST_CASES\test_newinfonet.py", line 28, in setUp
    self.driver =pc_ui_start()
  File "C:\PC_UI_TEST_PROJECT\COMMONS\pc_ui_desired_caps.py", line 5, in pc_ui_start
    driver=webdriver.Chrome("C:\\Program Files\\Python 3.5\\chromedriver.exe")
  File "C:\Program Files\Python 3.5\lib\site-packages\selenium\webdriver\chrome\webdriver.py", line 81, in __init__
    desired_capabilities=desired_capabilities)
  File "C:\Program Files\Python 3.5\lib\site-packages\selenium\webdriver\remote\webdriver.py", line 157, in __init__
    self.start_session(capabilities, browser_profile)
  File "C:\Program Files\Python 3.5\lib\site-packages\selenium\webdriver\remote\webdriver.py", line 252, in start_session
    response = self.execute(Command.NEW_SESSION, parameters)
  File "C:\Program Files\Python 3.5\lib\site-packages\selenium\webdriver\remote\webdriver.py", line 321, in execute
    self.error_handler.check_response(response)
  File "C:\Program Files\Python 3.5\lib\site-packages\selenium\webdriver\remote\errorhandler.py", line 242, in check_response
    raise exception_class(message, screen, stacktrace)
selenium.common.exceptions.WebDriverException: Message: unknown error: cannot find Chrome binary
  (Driver info: chromedriver=71.0.3578.80 (2ac50e7249fbd55e6f517a28131605c9fb9fe897),platform=Windows NT 10.0.17763 x86_64)



        </pre>
    </div>
    <!--css div popup end-->

    </td>
</tr>

<tr id='ft1.3' class='none'>
    <td class='text text-warning'><div class='testcase'>test_new_infonet_upload_jobseeker_info</div></td>
    <td colspan='5' align='center'>

    <!--css div popup start-->
    <a class="popup_link btn btn-xs btn-default" onfocus='this.blur();' href="javascript:showTestDetail('div_ft1.3')" >
        error</a>

    <div id='div_ft1.3' class="popup_window">
        <div style='text-align: right;cursor:pointer'>
        <a onfocus='this.blur();' onclick="document.getElementById('div_ft1.3').style.display = 'none' " >
           [x]</a>
        </div>
        <pre>
        
ft1.3: Traceback (most recent call last):
  File "C:\PC_UI_TEST_PROJECT\TEST_CASES\test_newinfonet.py", line 28, in setUp
    self.driver =pc_ui_start()
  File "C:\PC_UI_TEST_PROJECT\COMMONS\pc_ui_desired_caps.py", line 5, in pc_ui_start
    driver=webdriver.Chrome("C:\\Program Files\\Python 3.5\\chromedriver.exe")
  File "C:\Program Files\Python 3.5\lib\site-packages\selenium\webdriver\chrome\webdriver.py", line 81, in __init__
    desired_capabilities=desired_capabilities)
  File "C:\Program Files\Python 3.5\lib\site-packages\selenium\webdriver\remote\webdriver.py", line 157, in __init__
    self.start_session(capabilities, browser_profile)
  File "C:\Program Files\Python 3.5\lib\site-packages\selenium\webdriver\remote\webdriver.py", line 252, in start_session
    response = self.execute(Command.NEW_SESSION, parameters)
  File "C:\Program Files\Python 3.5\lib\site-packages\selenium\webdriver\remote\webdriver.py", line 321, in execute
    self.error_handler.check_response(response)
  File "C:\Program Files\Python 3.5\lib\site-packages\selenium\webdriver\remote\errorhandler.py", line 242, in check_response
    raise exception_class(message, screen, stacktrace)
selenium.common.exceptions.WebDriverException: Message: unknown error: cannot find Chrome binary
  (Driver info: chromedriver=71.0.3578.80 (2ac50e7249fbd55e6f517a28131605c9fb9fe897),platform=Windows NT 10.0.17763 x86_64)



        </pre>
    </div>
    <!--css div popup end-->

    </td>
</tr>

<tr id='ft1.4' class='none'>
    <td class='text text-warning'><div class='testcase'>test_new_infonet_upload_servicesupplier_info</div></td>
    <td colspan='5' align='center'>

    <!--css div popup start-->
    <a class="popup_link btn btn-xs btn-default" onfocus='this.blur();' href="javascript:showTestDetail('div_ft1.4')" >
        error</a>

    <div id='div_ft1.4' class="popup_window">
        <div style='text-align: right;cursor:pointer'>
        <a onfocus='this.blur();' onclick="document.getElementById('div_ft1.4').style.display = 'none' " >
           [x]</a>
        </div>
        <pre>
        
ft1.4: Traceback (most recent call last):
  File "C:\PC_UI_TEST_PROJECT\TEST_CASES\test_newinfonet.py", line 28, in setUp
    self.driver =pc_ui_start()
  File "C:\PC_UI_TEST_PROJECT\COMMONS\pc_ui_desired_caps.py", line 5, in pc_ui_start
    driver=webdriver.Chrome("C:\\Program Files\\Python 3.5\\chromedriver.exe")
  File "C:\Program Files\Python 3.5\lib\site-packages\selenium\webdriver\chrome\webdriver.py", line 81, in __init__
    desired_capabilities=desired_capabilities)
  File "C:\Program Files\Python 3.5\lib\site-packages\selenium\webdriver\remote\webdriver.py", line 157, in __init__
    self.start_session(capabilities, browser_profile)
  File "C:\Program Files\Python 3.5\lib\site-packages\selenium\webdriver\remote\webdriver.py", line 252, in start_session
    response = self.execute(Command.NEW_SESSION, parameters)
  File "C:\Program Files\Python 3.5\lib\site-packages\selenium\webdriver\remote\webdriver.py", line 321, in execute
    self.error_handler.check_response(response)
  File "C:\Program Files\Python 3.5\lib\site-packages\selenium\webdriver\remote\errorhandler.py", line 242, in check_response
    raise exception_class(message, screen, stacktrace)
selenium.common.exceptions.WebDriverException: Message: unknown error: cannot find Chrome binary
  (Driver info: chromedriver=71.0.3578.80 (2ac50e7249fbd55e6f517a28131605c9fb9fe897),platform=Windows NT 10.0.17763 x86_64)



        </pre>
    </div>
    <!--css div popup end-->

    </td>
</tr>

    </tbody>
    <tfoot>
        <tr id='total_row'>
            <td>Total</td>
            <td>4</td>
            <td class="text text-success">0</td>
            <td class="text text-danger">0</td>
            <td class="text text-warning">4</td>
            <td>&nbsp;</td>
        </tr>
    </tfoot>
</table>

    <div id='ending'>&nbsp;</div>
</div>

</body>
</html>
